2023-10-24T09:01:16.510Z [store-api] error POST  - Name, CPF, Phone, Email e Address são obrigatórios.
2023-10-24T09:29:04.895Z [store-api] error POST  - loggers is not defined
2023-10-24T09:30:39.042Z [store-api] info POST /client - {"name":"João","cpf":"22244466609","phone":"41877663300","email":"joao@teste.com","address":"Rua X, n 100"}
2023-10-24T09:34:13.243Z [store-api] error POST  - missing FROM-clause entry for table "client"
2023-10-24T09:36:12.822Z [store-api] info POST /client - {"name":"João","cpf":"22244466609","phone":"41877663300","email":"joao@teste.com","address":"Rua X, n 100"}
2023-10-24T09:39:46.009Z [store-api] info POST /client - {"name":"João","cpf":"22244466609","phone":"41877663300","email":"joao@teste.com","address":"Rua X, n 100"}
2023-10-24T09:40:20.932Z [store-api] info POST /client - {"name":"João","cpf":"22244466609","phone":"41877663300","email":"joao@teste.com","address":"Rua X, n 100"}
2023-10-24T09:40:30.292Z [store-api] error POST  - aaaa
2023-10-24T09:53:56.162Z [store-api] info GET /client
2023-10-24T10:01:01.415Z [store-api] info GET /client
2023-10-24T10:02:06.946Z [store-api] info GET /client
2023-10-24T10:03:05.723Z [store-api] info GET /client/:id
2023-10-24T10:03:18.484Z [store-api] info GET /client/:id
2023-10-24T10:03:40.200Z [store-api] info GET /client/:id
2023-10-24T10:05:32.161Z [store-api] info GET /client/:id
2023-10-24T10:05:40.120Z [store-api] info GET /client/:id
2023-10-24T10:11:59.229Z [store-api] error DELETE  - syntax error at or near "*"
2023-10-24T10:13:32.224Z [store-api] info DELETE /client/:id
2023-10-24T10:13:36.643Z [store-api] info GET /client
2023-10-24T10:13:41.681Z [store-api] info GET /client/:id
2023-10-24T10:27:07.852Z [store-api] info GET /client
2023-10-24T10:27:17.969Z [store-api] info POST /client - {"name":"Renato","cpf":"22244466609","phone":"41877663300","email":"joao@teste.com","address":"Rua X, n 100"}
2023-10-24T10:27:29.031Z [store-api] error PUT  - bind message supplies 6 parameters, but prepared statement "" requires 5
2023-10-24T10:28:12.096Z [store-api] info PUT /client - undefined
2023-10-24T10:28:57.494Z [store-api] info PUT /client - undefined
2023-10-24T10:30:36.437Z [store-api] info GET /client
2023-10-24T10:36:13.212Z [store-api] info PUT /client - {"client_id":2,"name":"Renato","cpf":"22244466609","phone":"41877663300","email":"joao@teste.com","address":"Rua X, n 100"}
2023-10-24T10:36:16.983Z [store-api] info GET /client
2023-10-24T10:36:43.037Z [store-api] info GET /client/:id
2023-10-24T22:45:55.043Z [store-api] info POST /supplier - {"name":"João","cnpj":"22244466609","phone":"41877663300","email":"joao@teste.com","address":"Rua X, n 100"}
2023-10-24T22:46:30.508Z [store-api] info GET /supplier
2023-10-24T22:46:41.441Z [store-api] error PUT  - Supplier ID, Name, cnpj, Phone, Email e Address são obrigatórios.
2023-10-24T22:46:52.386Z [store-api] error PUT  - Supplier ID, Name, cnpj, Phone, Email e Address são obrigatórios.
2023-10-24T22:47:01.568Z [store-api] error PUT  - Supplier ID, Name, cnpj, Phone, Email e Address são obrigatórios.
2023-10-24T22:47:50.507Z [store-api] info DELETE /supplier/:id
2023-10-24T22:48:03.922Z [store-api] info GET /supplier
2023-10-24T22:48:15.596Z [store-api] info POST /supplier - {"name":"João","cnpj":"22244466609","phone":"41877663300","email":"joao@teste.com","address":"Rua X, n 100"}
2023-10-24T22:48:23.352Z [store-api] info GET /supplier
2023-10-24T22:48:43.122Z [store-api] error PUT  - Supplier ID, Name, cnpj, Phone, Email e Address são obrigatórios.
2023-10-24T22:49:59.709Z [store-api] info PUT /supplier - {"supplier_id":2,"name":"Renato","cnpj":"22244466609","phone":"41877663300","email":"joao@teste.com","address":"Rua X, n 100"}
2023-10-24T22:50:06.783Z [store-api] info PUT /supplier - {"supplier_id":2,"name":"Lucas","cnpj":"22244466609","phone":"41877663300","email":"joao@teste.com","address":"Rua X, n 100"}
2023-10-24T22:50:30.887Z [store-api] info GET /supplier/:id
2023-10-24T23:05:55.561Z [store-api] error POST  - insert or update on table "products" violates foreign key constraint "fk_suppliers"
2023-10-24T23:06:52.257Z [store-api] info POST /product - {"name":"Notebook Acer","description":"Notebook novo","value":5000,"stock":100,"supplier_id":2}
2023-10-24T23:08:22.820Z [store-api] info PUT /product - {"product_id":2,"supplier_id":2,"name":"Notebook Acer","description":"Notebook usado","value":"5000","stock":100}
2023-10-24T23:08:39.034Z [store-api] info GET /product
2023-10-24T23:08:48.063Z [store-api] info DELETE /product/:id
2023-10-24T23:08:52.145Z [store-api] info GET /product
2023-10-24T23:08:57.622Z [store-api] info POST /product - {"name":"Notebook Acer","description":"Notebook novo","value":5000,"stock":100,"supplier_id":2}
2023-10-24T23:09:05.814Z [store-api] info GET /product/:id
2023-10-24T23:09:10.828Z [store-api] info GET /product/:id
2023-10-24T23:17:51.794Z [store-api] error PUT  - O supplier_id informado não existe.
2023-10-24T23:17:58.121Z [store-api] error PUT  - O supplier_id informado não existe.
2023-10-24T23:18:03.583Z [store-api] info PUT /product - undefined
2023-10-24T23:18:40.819Z [store-api] info GET /product
2023-10-24T23:19:12.257Z [store-api] info PUT /product - undefined
2023-10-24T23:19:20.190Z [store-api] info PUT /product - {"product_id":3,"supplier_id":2,"name":"Notebook Acer","description":"Notebook usado","value":"5000","stock":100}
2023-10-24T23:41:21.936Z [store-api] error PUT  - sale_id, value, date, client_id e product_id são obrigatórios.
2023-10-24T23:41:28.582Z [store-api] info GET /sale
2023-10-24T23:41:34.329Z [store-api] info DELETE /sale/:id
2023-10-24T23:41:47.275Z [store-api] info GET /sale/:id
2023-10-24T23:45:23.160Z [store-api] error POST  - O supplier_id informado não existe.
2023-10-24T23:46:37.689Z [store-api] info GET /sale
2023-10-24T23:46:45.357Z [store-api] info GET /product
2023-10-24T23:47:10.920Z [store-api] info GET /client
2023-10-24T23:47:33.188Z [store-api] error POST  - O supplier_id informado não existe.
2023-10-24T23:52:33.242Z [store-api] info POST /sale - {"value":5000,"date":"01/01/2023","client_id":2,"product_id":3}
2023-10-24T23:52:40.323Z [store-api] error POST  - O product_id informado não existe.
2023-10-24T23:59:21.300Z [store-api] error PUT  - O product_id informado não existe.
2023-10-24T23:59:27.360Z [store-api] info GET /sale
2023-10-24T23:59:43.035Z [store-api] error PUT  - O product_id informado não existe.
2023-10-24T23:59:55.319Z [store-api] error PUT  - O product_id informado não existe.
2023-10-25T00:00:06.046Z [store-api] error PUT  - date/time field value out of range: "14/05/2023"
2023-10-25T00:00:28.097Z [store-api] info PUT /sale - {"sale_id":1,"client_id":2,"product_id":3,"value":"2000","date":"2023-01-01T03:00:00.000Z"}
2023-10-25T00:00:45.603Z [store-api] info GET /sale
2023-10-25T00:01:05.233Z [store-api] error POST  - O product_id informado não existe.
2023-10-25T00:01:22.621Z [store-api] info GET /product
2023-10-25T00:01:31.555Z [store-api] info POST /sale - {"value":5000,"date":"02/01/2023","client_id":2,"product_id":3}
2023-10-25T00:10:01.620Z [store-api] info GET /product
2023-10-25T00:10:16.463Z [store-api] error POST  - O produto informado não possui estoque.
2023-10-25T00:10:35.346Z [store-api] info GET /product
2023-10-25T00:12:19.963Z [store-api] error POST  - Cannot access 'sale' before initialization
2023-10-25T00:13:51.416Z [store-api] info GET /product
2023-10-25T00:13:59.268Z [store-api] info GET /client
2023-10-25T00:14:58.684Z [store-api] error POST  - Cannot access 'sale' before initialization
2023-10-25T00:17:14.050Z [store-api] info POST /sale - {"value":5000,"date":"02/01/2023","client_id":2,"product_id":3}
2023-10-25T00:17:25.547Z [store-api] info GET /product
2023-10-25T00:18:13.124Z [store-api] info POST /product - {"name":"Mouse Dell","description":"Bluetooth","value":30,"stock":2,"supplier_id":2}
2023-10-25T00:18:33.737Z [store-api] info POST /sale - {"value":50,"date":"02/01/2023","client_id":2,"product_id":4}
2023-10-25T00:18:37.713Z [store-api] info GET /product
2023-10-25T00:18:45.652Z [store-api] info POST /sale - {"value":50,"date":"02/01/2023","client_id":2,"product_id":4}
2023-10-25T00:18:52.381Z [store-api] info GET /product
2023-10-25T00:18:56.496Z [store-api] error POST  - O produto informado não possui estoque.
2023-10-25T00:25:16.536Z [store-api] info GET /sale
2023-10-25T00:25:35.800Z [store-api] error DELETE  - O id da sale informado não existe.
2023-10-25T00:25:54.935Z [store-api] info DELETE /sale/:id
2023-10-25T00:25:59.661Z [store-api] info GET /product
2023-10-25T00:30:32.970Z [store-api] error PUT  - O product_id informado não existe.
2023-10-25T00:31:31.756Z [store-api] info PUT /sale - {"sale_id":1,"client_id":2,"product_id":3,"value":"2000","date":"2023-01-01T03:00:00.000Z"}
2023-10-25T00:34:02.588Z [store-api] info GET /sale
2023-10-25T00:39:20.766Z [store-api] info GET /sale
2023-10-25T00:43:47.800Z [store-api] info GET /sale
2023-10-25T00:43:53.586Z [store-api] info GET /sale
2023-10-25T00:44:16.672Z [store-api] info GET /sale
2023-10-25T00:44:20.974Z [store-api] info GET /sale
2024-03-18T09:18:39.570Z [store-api] info GET /client
